Arguments: 
  /opt/homebrew/Cellar/node/17.2.0/bin/node /opt/homebrew/Cellar/yarn/1.22.17_1/libexec/bin/yarn.js install

PATH: 
  /opt/homebrew/opt/llvm/bin:/Users/srijanpaul/Downloads/love.app/Contents/MacOS/:/opt/homebrew/bin:/opt/homebrew/sbin:/usr/local/bin:/usr/bin:/bin:/usr/sbin:/sbin:/opt/homebrew/opt/llvm/bin:/Users/srijanpaul/Downloads/love.app/Contents/MacOS/:/opt/homebrew/bin:/opt/homebrew/sbin:/Users/srijanpaul/.cabal/bin:/Users/srijanpaul/.ghcup/bin:/Users/srijanpaul/.cabal/bin:/Users/srijanpaul/.ghcup/bin

Yarn version: 
  1.22.17

Node version: 
  17.2.0

Platform: 
  darwin arm64

Trace: 
  Error: https://registry.yarnpkg.com/@tsconfig%2fbase: Not found
      at Request.params.callback [as _callback] (/opt/homebrew/Cellar/yarn/1.22.17_1/libexec/lib/cli.js:67029:18)
      at Request.self.callback (/opt/homebrew/Cellar/yarn/1.22.17_1/libexec/lib/cli.js:140883:22)
      at Request.emit (node:events:390:28)
      at Request.<anonymous> (/opt/homebrew/Cellar/yarn/1.22.17_1/libexec/lib/cli.js:141855:10)
      at Request.emit (node:events:390:28)
      at IncomingMessage.<anonymous> (/opt/homebrew/Cellar/yarn/1.22.17_1/libexec/lib/cli.js:141777:12)
      at Object.onceWrapper (node:events:509:28)
      at IncomingMessage.emit (node:events:402:35)
      at endReadableNT (node:internal/streams/readable:1343:12)
      at processTicksAndRejections (node:internal/process/task_queues:83:21)

npm manifest: 
  {
    "name": "bad-javascript-stuff",
    "version": "1.0.0",
    "description": "",
    "main": "js.js",
    "scripts": {
      "test": "echo \"Error: no test specified\" && exit 1"
    },
    "repository": {
      "type": "git",
      "url": "git+https://github.com/srijanpaul-deepsource/bad-javascript-stuff.git"
    },
    "keywords": [],
    "author": "",
    "license": "ISC",
    "bugs": {
      "url": "https://github.com/srijanpaul-deepsource/bad-javascript-stuff/issues"
    },
    "homepage": "https://github.com/srijanpaul-deepsource/bad-javascript-stuff#readme",
    "devDependencies": {
      "prettier-plugin-organize-imports": "^2.3.4"
    },
    "dependencies": {
      "prettier": "^2.5.1",
      "rome": "^10.0.4-beta",
      "@tsconfig/base": "^7.0.0",
      "typescript": "^4.5.4"
    }
  }

yarn manifest: 
  No manifest

Lockfile: 
  # THIS IS AN AUTOGENERATED FILE. DO NOT EDIT THIS FILE DIRECTLY.
  # yarn lockfile v1
  
  
  "@types/strip-bom@^3.0.0":
    version "3.0.0"
    resolved "https://registry.yarnpkg.com/@types/strip-bom/-/strip-bom-3.0.0.tgz#14a8ec3956c2e81edb7520790aecf21c290aebd2"
    integrity sha1-FKjsOVbC6B7bdSB5CuzyHCkK69I=
  
  "@types/strip-json-comments@0.0.30":
    version "0.0.30"
    resolved "https://registry.yarnpkg.com/@types/strip-json-comments/-/strip-json-comments-0.0.30.tgz#9aa30c04db212a9a0649d6ae6fd50accc40748a1"
    integrity sha512-7NQmHra/JILCd1QqpSzl8+mJRc8ZHz3uDm8YV1Ks9IhK0epEiTw8aIErbvH9PI+6XbqhyIQy3462nEsn7UVzjQ==
  
  prettier-plugin-organize-imports@^2.3.4:
    version "2.3.4"
    resolved "https://registry.yarnpkg.com/prettier-plugin-organize-imports/-/prettier-plugin-organize-imports-2.3.4.tgz#65473861ae5ab7960439fff270a2258558fbe9ba"
    integrity sha512-R8o23sf5iVL/U71h9SFUdhdOEPsi3nm42FD/oDYIZ2PQa4TNWWuWecxln6jlIQzpZTDMUeO1NicJP6lLn2TtRw==
  
  prettier@^2.5.1:
    version "2.5.1"
    resolved "https://registry.yarnpkg.com/prettier/-/prettier-2.5.1.tgz#fff75fa9d519c54cf0fce328c1017d94546bc56a"
    integrity sha512-vBZcPRUR5MZJwoyi3ZoyQlc1rXeEck8KgeC9AwwOn+exuxLxq5toTRDTSaVrXHxelDMHy9zlicw8u66yxoSUFg==
  
  rome@^10.0.4-beta:
    version "10.0.4-beta"
    resolved "https://registry.yarnpkg.com/rome/-/rome-10.0.4-beta.tgz#67f2605b11462496da68ef9b15cb7ff2f4965862"
    integrity sha512-wDD/ZdImSt7Cg1/u3TxIBjIs56tEhPmXV/Rry1nExV+RogaLaF1IXTUbYNXDFzXBk9fEg+gnBovkY4WN/f41WQ==
  
  strip-bom@^3.0.0:
    version "3.0.0"
    resolved "https://registry.yarnpkg.com/strip-bom/-/strip-bom-3.0.0.tgz#2334c18e9c759f7bdd56fdef7e9ae3d588e68ed3"
    integrity sha1-IzTBjpx1n3vdVv3vfprj1YjmjtM=
  
  strip-json-comments@^2.0.0:
    version "2.0.1"
    resolved "https://registry.yarnpkg.com/strip-json-comments/-/strip-json-comments-2.0.1.tgz#3c531942e908c2697c0ec344858c286c7ca0a60a"
    integrity sha1-PFMZQukIwml8DsNEhYwobHygpgo=
  
  tsconfig@^7.0.0:
    version "7.0.0"
    resolved "https://registry.yarnpkg.com/tsconfig/-/tsconfig-7.0.0.tgz#84538875a4dc216e5c4a5432b3a4dec3d54e91b7"
    integrity sha512-vZXmzPrL+EmC4T/4rVlT2jNVMWCi/O4DIiSj3UHg1OE5kCKbk4mfrXc6dZksLgRM/TZlKnousKH9bbTazUWRRw==
    dependencies:
      "@types/strip-bom" "^3.0.0"
      "@types/strip-json-comments" "0.0.30"
      strip-bom "^3.0.0"
      strip-json-comments "^2.0.0"
  
  typescript@^4.5.4:
    version "4.5.4"
    resolved "https://registry.yarnpkg.com/typescript/-/typescript-4.5.4.tgz#a17d3a0263bf5c8723b9c52f43c5084edf13c2e8"
    integrity sha512-VgYs2A2QIRuGphtzFV7aQJduJ2gyfTljngLzjpfW9FoYZF6xuw1W0vW9ghCKLfcWrCFxK81CSGRAvS1pn4fIUg==
